[System]	Main (E:\Personal Projects\TapeTextFormatter\Formatter.cs)	[Line: 17]	[5/25/2023 7:38:27 PM]:
Please paste in the list of tape names we need.
[System]	Main (E:\Personal Projects\TapeTextFormatter\Formatter.cs)	[Line: 23]	[5/25/2023 7:38:33 PM]:
Please paste the directory to the Excel Spreadsheet.
[Debug]	Main (E:\Personal Projects\TapeTextFormatter\Formatter.cs)	[Line: 55]	[5/25/2023 7:38:35 PM]:
Tape names found: AB0165, AB0265, AB0356, AB0357, AB0401, AB0402, AB0403, AB0458, AB0646, AB0852, AB0934, AB0985, AB0988, AB1130, AB1133, AB1285, AB1412, AB1413, AB1472, AB1474, AB1478, AB1651, AB1652, BB0018, BB0176, BB0494, BB0498, BB0608, BB0611, BB0613, BB0959, BB0960, BB1749, BB1750, BB1751, BB1752, BB1754, BB1755, BB1816, BB1817, BB2101, BB2102, BB2103, BB2104, BB2105, BB2243, BB2244, BB2430, BB2846, BB2847, BB2855
[Debug]	Main (E:\Personal Projects\TapeTextFormatter\Formatter.cs)	[Line: 68]	[5/25/2023 7:38:35 PM]:
Filtered list: BB0018, BB0494, BB0498, BB0608, BB0611, BB0613, BB0959, BB0960, BB1750, BB1816, BB1817
[System]	Main (E:\Personal Projects\TapeTextFormatter\Formatter.cs)	[Line: 17]	[5/25/2023 7:39:08 PM]:
Please paste in the list of tape names we need.
[System]	Main (E:\Personal Projects\TapeTextFormatter\Formatter.cs)	[Line: 23]	[5/25/2023 7:39:10 PM]:
Please paste the directory to the Excel Spreadsheet.
[Debug]	Main (E:\Personal Projects\TapeTextFormatter\Formatter.cs)	[Line: 55]	[5/25/2023 7:39:12 PM]:
Tape names found: AB0165, AB0265, AB0356, AB0357, AB0401, AB0402, AB0403, AB0458, AB0646, AB0852, AB0934, AB0985, AB0988, AB1130, AB1133, AB1285, AB1412, AB1413, AB1472, AB1474, AB1478, AB1651, AB1652, BB0018, BB0176, BB0494, BB0498, BB0608, BB0611, BB0613, BB0959, BB0960, BB1749, BB1750, BB1751, BB1752, BB1754, BB1755, BB1816, BB1817, BB2101, BB2102, BB2103, BB2104, BB2105, BB2243, BB2244, BB2430, BB2846, BB2847, BB2855
[Debug]	Main (E:\Personal Projects\TapeTextFormatter\Formatter.cs)	[Line: 68]	[5/25/2023 7:39:12 PM]:
Filtered list: BB0018, BB0494, BB0498, BB0608, BB0611, BB0613, BB0959, BB0960, BB1750, BB1816, BB1817
Log End: 5/25/2023 7:39:12 PM.

[System]	Main (E:\Personal Projects\TapeTextFormatter\Formatter.cs)	[Line: 17]	[5/25/2023 7:42:52 PM]:
Please paste in the list of tape names we need.
[System]	Main (E:\Personal Projects\TapeTextFormatter\Formatter.cs)	[Line: 23]	[5/25/2023 7:42:57 PM]:
User entered: BB0018, BB0494, BB0498, BB0608, BB0611, BB0613, BB0959, BB0960, BB1750, BB1816, BB1817
[System]	Main (E:\Personal Projects\TapeTextFormatter\Formatter.cs)	[Line: 26]	[5/25/2023 7:42:57 PM]:
Please paste the directory to the Excel Spreadsheet.
[System]	Main (E:\Personal Projects\TapeTextFormatter\Formatter.cs)	[Line: 31]	[5/25/2023 7:42:58 PM]:
User entered: Input
[Debug]	Main (E:\Personal Projects\TapeTextFormatter\Formatter.cs)	[Line: 62]	[5/25/2023 7:42:59 PM]:
Tape names found: AB0165, AB0265, AB0356, AB0357, AB0401, AB0402, AB0403, AB0458, AB0646, AB0852, AB0934, AB0985, AB0988, AB1130, AB1133, AB1285, AB1412, AB1413, AB1472, AB1474, AB1478, AB1651, AB1652, BB0018, BB0176, BB0494, BB0498, BB0608, BB0611, BB0613, BB0959, BB0960, BB1749, BB1750, BB1751, BB1752, BB1754, BB1755, BB1816, BB1817, BB2101, BB2102, BB2103, BB2104, BB2105, BB2243, BB2244, BB2430, BB2846, BB2847, BB2855
[Debug]	Main (E:\Personal Projects\TapeTextFormatter\Formatter.cs)	[Line: 75]	[5/25/2023 7:42:59 PM]:
Filtered list: BB0018, BB0494, BB0498, BB0608, BB0611, BB0613, BB0959, BB0960, BB1750, BB1816, BB1817
Log End: 5/25/2023 7:42:59 PM.

